[2025-11-25 15:09:55,687] [INFO] [attendance_system] Logging configuration loaded successfully.
[2025-11-25 15:14:36,943] [INFO] [attendance_system] Logging configuration loaded successfully.
[2025-11-25 15:18:01,033] [INFO] [attendance_system] Logging configuration loaded successfully.
[2025-11-25 15:19:49,400] [INFO] [attendance_system] Logging configuration loaded successfully.
[2025-11-25 15:20:33,730] [INFO] [attendance_system] Logging configuration loaded successfully.
[2025-11-25 15:32:30,339] [INFO] [attendance_system] Logging configuration loaded successfully.
[2025-11-25 15:33:48,385] [INFO] [attendance_system] Logging configuration loaded successfully.
[2025-11-25 15:34:14,317] [INFO] [attendance_system] Logging configuration loaded successfully.
[2025-11-25 15:39:12,736] [INFO] [attendance_system] Logging configuration loaded successfully.
[2025-11-25 15:39:20,044] [INFO] [attendance_system] Logging configuration loaded successfully.
[2025-11-25 15:41:24,078] [INFO] [attendance_system] Logging configuration loaded successfully.
[2025-11-25 15:43:06,143] [INFO] [attendance_system] Logging configuration loaded successfully.
[2025-11-25 15:52:32,445] [INFO] [attendance_system] Logging configuration loaded successfully.
[2025-11-25 15:53:04,365] [INFO] [attendance_system] Logging configuration loaded successfully.
[2025-11-25 15:54:54,430] [INFO] [attendance_system] Logging configuration loaded successfully.
[2025-11-25 15:55:16,467] [INFO] [attendance_system] Logging configuration loaded successfully.
[2025-11-25 15:57:51,469] [INFO] [attendance_system] Logging configuration loaded successfully.
[2025-11-25 15:58:14,876] [INFO] [attendance_system] Logging configuration loaded successfully.
[2025-11-25 15:59:40,353] [INFO] [attendance_system] Logging configuration loaded successfully.
[2025-11-25 16:00:32,059] [INFO] [attendance_system] Logging configuration loaded successfully.
[2025-11-25 16:00:52,676] [INFO] [attendance_system] Logging configuration loaded successfully.
[2025-11-25 16:03:06,186] [INFO] [attendance_system] Logging configuration loaded successfully.
[2025-11-25 16:11:59,589] [INFO] [attendance_system] Logging configuration loaded successfully.
[2025-11-25 16:13:10,608] [INFO] [attendance_system] Logging configuration loaded successfully.
[2025-11-25 16:23:26,478] [INFO] [attendance_system] Logging configuration loaded successfully.
[2025-11-25 16:26:03,544] [INFO] [attendance_system] Logging configuration loaded successfully.
[2025-11-25 16:27:59,192] [INFO] [attendance_system] Logging configuration loaded successfully.
[2025-11-25 16:51:27,524] [INFO] [attendance_system] Logging configuration loaded successfully.
[2025-11-25 16:54:27,434] [INFO] [attendance_system] Logging configuration loaded successfully.
[2025-11-25 17:05:16,585] [INFO] [attendance_system] Logging configuration loaded successfully.
[2025-11-25 17:15:00,275] [INFO] [attendance_system] Logging configuration loaded successfully.
[2025-11-25 17:18:50,850] [INFO] [attendance_system] Logging configuration loaded successfully.
[2025-11-25 17:19:50,898] [INFO] [attendance_system] Logging configuration loaded successfully.
[2025-11-25 17:21:36,146] [INFO] [attendance_system] Logging configuration loaded successfully.
[2025-11-25 17:27:01,400] [INFO] [attendance_system] Logging configuration loaded successfully.
[2025-11-25 18:01:36,955] [INFO] [attendance_system] Logging configuration loaded successfully.
[2025-11-25 18:10:04,654] [INFO] [attendance_system] Logging configuration loaded successfully.
[2025-11-25 18:14:43,953] [INFO] [attendance_system] Logging configuration loaded successfully.
[2025-11-25 18:28:37,294] [INFO] [attendance_system] Logging configuration loaded successfully.
[2025-11-25 18:33:16,232] [INFO] [attendance_system] --- DATABASE CONNECTION INFO ---
[2025-11-25 18:33:16,233] [INFO] [attendance_system] Host: aws-1-eu-north-1.pooler.supabase.com (Expected: Supavisor Pooler Hostname)
[2025-11-25 18:33:16,233] [INFO] [attendance_system] Port: 6543
[2025-11-25 18:33:16,234] [INFO] [attendance_system] URL (masked): postgresql://postgres.kfnnflolfaqnpjlsuxcc:***@aws-1-eu-north-1.pooler.supabase.com:6543/postgres?sslmode=require&client_encoding=utf8
[2025-11-25 18:33:16,235] [INFO] [attendance_system] --------------------------------
[2025-11-25 18:34:09,324] [INFO] [attendance_system] --- DATABASE CONNECTION INFO ---
[2025-11-25 18:34:09,324] [INFO] [attendance_system] Host: aws-1-eu-north-1.pooler.supabase.com (Expected: Supavisor Pooler Hostname)
[2025-11-25 18:34:09,325] [INFO] [attendance_system] Port: 6543
[2025-11-25 18:34:09,325] [INFO] [attendance_system] URL (masked): postgresql://postgres.kfnnflolfaqnpjlsuxcc:***@aws-1-eu-north-1.pooler.supabase.com:6543/postgres?sslmode=require&client_encoding=utf8
[2025-11-25 18:34:09,325] [INFO] [attendance_system] --------------------------------
[2025-11-25 18:39:37,776] [INFO] [attendance_system] Logging configuration loaded successfully.
[2025-11-25 18:41:42,042] [INFO] [attendance_system] Logging configuration loaded successfully.
[2025-11-25 18:42:15,578] [INFO] [attendance_system] Logging configuration loaded successfully.
